<?xml version="1.0" encoding="UTF-8"?>
<!-- Generated by org.testng.reporters.JUnitReportReporter -->
<testsuite hostname="DESKTOP-4R02BOO" failures="0" tests="1" name="runner.OpenMailAndValidateTheBody_Test" time="70.313" errors="0" timestamp="2021-07-25T20:19:59 IST" skipped="0">
  <testcase classname="runner.OpenMailAndValidateTheBody_Test" name="feature" time="70.313"/>
  <system-out/>
</testsuite> <!-- runner.OpenMailAndValidateTheBody_Test -->
